<?xml version="1.0" encoding="UTF-8"?>
<!-- Generated by org.testng.reporters.JUnitReportReporter -->
<testsuite skipped="0" hostname="DESKTOP-UGTURIK" name="com.qa.WordPress.tests.AccountPageTest" tests="5" failures="0" timestamp="05 Apr 2021 01:00:21 GMT" time="3.968" errors="0">
  <testcase name="homePageTitleTest" time="0.024" classname="com.qa.WordPress.tests.AccountPageTest"/>
  <testcase name="verifyAccountPageHeaderTest" time="1.303" classname="com.qa.WordPress.tests.AccountPageTest"/>
  <testcase name="verifyAccountHeadersSize" time="0.048" classname="com.qa.WordPress.tests.AccountPageTest"/>
  <testcase name="VerifyAccountPageHeaders" time="0.066" classname="com.qa.WordPress.tests.AccountPageTest"/>
  <testcase name="verifySearch" time="2.527" classname="com.qa.WordPress.tests.AccountPageTest"/>
</testsuite> <!-- com.qa.WordPress.tests.AccountPageTest -->
