<?xml version="1.0" encoding="UTF-8"?>
<!-- Generated by org.testng.reporters.JUnitReportReporter -->
<testsuite skipped="0" hostname="DESKTOP-UGTURIK" name="com.qa.WordPress.tests.ProductInfoPageTest" tests="3" failures="0" timestamp="05 Apr 2021 00:18:41 GMT" time="11.709" errors="0">
  <testcase name="verifyProductInfoTest_MacBook" time="6.647" classname="com.qa.WordPress.tests.ProductInfoPageTest"/>
  <testcase name="verifyProductInfoTest_iMac" time="5.043" classname="com.qa.WordPress.tests.ProductInfoPageTest"/>
  <testcase name="productInfoPageTitleTest" time="0.019" classname="com.qa.WordPress.tests.ProductInfoPageTest"/>
</testsuite> <!-- com.qa.WordPress.tests.ProductInfoPageTest -->
