<?xml version="1.0" encoding="UTF-8"?>
<!-- Generated by org.testng.reporters.JUnitReportReporter -->
<testsuite skipped="0" hostname="DESKTOP-UGTURIK" name="com.qa.WordPress.tests.HomePageTest" tests="1" failures="0" timestamp="06 Mar 2021 07:55:33 GMT" time="0.022" errors="0">
  <testcase name="homePageTitleTest" time="0.022" classname="com.qa.WordPress.tests.HomePageTest"/>
</testsuite> <!-- com.qa.WordPress.tests.HomePageTest -->
