<?xml version="1.0" encoding="UTF-8"?>
<!-- Generated by org.testng.reporters.JUnitReportReporter -->
<testsuite skipped="0" hostname="DESKTOP-UGTURIK" name="com.qa.WordPress.tests.ProductInfoPageTest" tests="3" failures="0" timestamp="05 Apr 2021 01:00:21 GMT" time="11.518" errors="0">
  <testcase name="verifyProductInfoTest_MacBook" time="6.674" classname="com.qa.WordPress.tests.ProductInfoPageTest"/>
  <testcase name="verifyProductInfoTest_iMac" time="4.828" classname="com.qa.WordPress.tests.ProductInfoPageTest"/>
  <testcase name="productInfoPageTitleTest" time="0.016" classname="com.qa.WordPress.tests.ProductInfoPageTest"/>
</testsuite> <!-- com.qa.WordPress.tests.ProductInfoPageTest -->
