<?xml version="1.0" encoding="UTF-8"?>
<!-- Generated by org.testng.reporters.JUnitReportReporter -->
<testsuite skipped="0" hostname="DESKTOP-UGTURIK" name="com.qa.WordPress.tests.AccountPageTest" tests="5" failures="0" timestamp="05 Apr 2021 00:18:41 GMT" time="4.164" errors="0">
  <testcase name="homePageTitleTest" time="0.028" classname="com.qa.WordPress.tests.AccountPageTest"/>
  <testcase name="verifyAccountPageHeaderTest" time="1.377" classname="com.qa.WordPress.tests.AccountPageTest"/>
  <testcase name="verifyAccountHeadersSize" time="0.032" classname="com.qa.WordPress.tests.AccountPageTest"/>
  <testcase name="VerifyAccountPageHeaders" time="0.109" classname="com.qa.WordPress.tests.AccountPageTest"/>
  <testcase name="verifySearch" time="2.618" classname="com.qa.WordPress.tests.AccountPageTest"/>
</testsuite> <!-- com.qa.WordPress.tests.AccountPageTest -->
