<?xml version="1.0" encoding="UTF-8"?>
<!-- Generated by org.testng.reporters.JUnitReportReporter -->
<testsuite skipped="0" hostname="DESKTOP-UGTURIK" name="com.qa.WordPress.tests.LoginPageTest" tests="3" failures="0" timestamp="05 Apr 2021 01:00:21 GMT" time="6.196" errors="0">
  <testcase name="verifyLoginPageTest" time="0.349" classname="com.qa.WordPress.tests.LoginPageTest"/>
  <testcase name="verifyForgotPwdLink" time="1.922" classname="com.qa.WordPress.tests.LoginPageTest"/>
  <testcase name="loginTest" time="3.925" classname="com.qa.WordPress.tests.LoginPageTest"/>
</testsuite> <!-- com.qa.WordPress.tests.LoginPageTest -->
