<?xml version="1.0" encoding="UTF-8"?>
<!-- Generated by org.testng.reporters.JUnitReportReporter -->
<testsuite skipped="0" hostname="DESKTOP-UGTURIK" name="com.qa.WordPress.tests.RegisterPageTest" tests="4" failures="0" timestamp="09 Mar 2021 10:07:34 GMT" time="14.516" errors="0">
  <testcase name="userRegistrationTest" time="3.447" classname="com.qa.WordPress.tests.RegisterPageTest"/>
  <testcase name="userRegistrationTest" time="3.652" classname="com.qa.WordPress.tests.RegisterPageTest"/>
  <testcase name="userRegistrationTest" time="3.649" classname="com.qa.WordPress.tests.RegisterPageTest"/>
  <testcase name="userRegistrationTest" time="3.768" classname="com.qa.WordPress.tests.RegisterPageTest"/>
</testsuite> <!-- com.qa.WordPress.tests.RegisterPageTest -->
