<?xml version="1.0" encoding="UTF-8"?>
<!-- Generated by org.testng.reporters.JUnitReportReporter -->
<testsuite skipped="0" hostname="DESKTOP-UGTURIK" name="com.qa.WordPress.tests.AccountPageTest" tests="5" failures="0" timestamp="11 Mar 2021 09:42:43 GMT" time="5.123" errors="0">
  <testcase name="homePageTitleTest" time="0.437" classname="com.qa.WordPress.tests.AccountPageTest"/>
  <testcase name="verifyAccountPageHeaderTest" time="1.313" classname="com.qa.WordPress.tests.AccountPageTest"/>
  <testcase name="verifyAccountHeadersSize" time="0.060" classname="com.qa.WordPress.tests.AccountPageTest"/>
  <testcase name="VerifyAccountPageHeaders" time="0.167" classname="com.qa.WordPress.tests.AccountPageTest"/>
  <testcase name="verifySearch" time="3.146" classname="com.qa.WordPress.tests.AccountPageTest"/>
</testsuite> <!-- com.qa.WordPress.tests.AccountPageTest -->
